Base path: /Users/ericzhu/Desktop/untitled folder/Unity/Unity.app/Contents
Pipe name: \\.\pipe\UnityShaderCompiler-1--1595690584
Cmd: getPlatforms
Cmd: preprocess
  insize=2037 outsize=757 ok=1
Cmd: compileSnippet
  api=0 type=0 insize=1583 outsize=1243 kw= ok=1
Cmd: compileSnippet
  api=0 type=1 insize=1583 outsize=6 kw= ok=1
Cmd: preprocess
  insize=4523 outsize=555 ok=1
Cmd: compileSnippet
  api=0 type=0 insize=4181 outsize=3355 kw= ok=1
Cmd: compileSnippet
  api=0 type=1 insize=4181 outsize=6 kw= ok=1
Cmd: compileSnippet
  api=0 type=0 insize=4181 outsize=3355 kw= ok=1
Cmd: compileSnippet
  api=0 type=1 insize=4181 outsize=6 kw= ok=1
Cmd: preprocess
  insize=5382 outsize=1260 ok=1
Cmd: compileSnippet
  api=0 type=0 insize=4423 outsize=14816 kw= ok=1
Cmd: compileSnippet
  api=0 type=1 insize=4423 outsize=6 kw= ok=1
Cmd: preprocess
  insize=569 outsize=566 ok=1
Cmd: preprocess
  insize=5149 outsize=1741 ok=1
Cmd: compileSnippet
  api=0 type=0 insize=3712 outsize=3861 kw= ok=1
Cmd: compileSnippet
  api=0 type=1 insize=3712 outsize=6 kw= ok=1
Cmd: preprocess
  insize=32636 outsize=273 ok=1
Cmd: compileSnippet
  api=0 type=0 insize=32665 outsize=8890 kw= ok=1
Cmd: compileSnippet
  api=0 type=1 insize=32665 outsize=6 kw= ok=1
Cmd: preprocess
  insize=1992 outsize=421 ok=1
Cmd: compileSnippet
  api=0 type=0 insize=1870 outsize=428 kw= ok=1
Cmd: compileSnippet
  api=0 type=1 insize=1870 outsize=1640 kw= ok=1
Cmd: preprocess
  insize=1466 outsize=377 ok=1
Cmd: compileSnippet
  api=0 type=0 insize=1393 outsize=573 kw= ok=1
Cmd: compileSnippet
  api=0 type=1 insize=1393 outsize=450 kw= ok=1
Cmd: preprocess
  insize=1627 outsize=420 ok=1
Cmd: compileSnippet
  api=0 type=0 insize=1509 outsize=332 kw= ok=1
Cmd: compileSnippet
  api=0 type=1 insize=1509 outsize=4378 kw= ok=1
Cmd: preprocess
  insize=597 outsize=1357 ok=1
Cmd: compileSnippet
  api=0 type=0 insize=4375 outsize=919 kw=DIRECTIONAL SHADOWS_OFF LIGHTMAP_OFF DIRLIGHTMAP_OFF ok=1
Cmd: compileSnippet
  api=0 type=1 insize=4375 outsize=394 kw=DIRECTIONAL SHADOWS_OFF LIGHTMAP_OFF DIRLIGHTMAP_OFF ok=1
Cmd: compileSnippet
  api=0 type=0 insize=2338 outsize=817 kw=POINT ok=1
Cmd: compileSnippet
  api=0 type=1 insize=2338 outsize=566 kw=POINT ok=1
Cmd: compileSnippet
  api=0 type=0 insize=1997 outsize=524 kw= ok=1
Cmd: compileSnippet
  api=0 type=1 insize=1997 outsize=269 kw= ok=1
Cmd: compileSnippet
  api=0 type=0 insize=4075 outsize=905 kw=LIGHTMAP_OFF DIRLIGHTMAP_OFF HDR_LIGHT_PREPASS_OFF ok=1
Cmd: compileSnippet
  api=0 type=1 insize=4075 outsize=366 kw=LIGHTMAP_OFF DIRLIGHTMAP_OFF HDR_LIGHT_PREPASS_OFF ok=1
Cmd: preprocess
  insize=6801 outsize=255 ok=1
Cmd: compileSnippet
  api=0 type=0 insize=6848 outsize=3133 kw= ok=1
Cmd: compileSnippet
  api=0 type=1 insize=6848 outsize=6 kw= ok=1
Cmd: preprocess
  insize=3943 outsize=931 ok=1
Cmd: compileSnippet
  api=0 type=0 insize=3004 outsize=328 kw= ok=1
Cmd: compileSnippet
  api=0 type=1 insize=3004 outsize=337 kw= ok=1
Cmd: compileSnippet
  api=0 type=0 insize=3006 outsize=328 kw= ok=1
Cmd: compileSnippet
  api=0 type=1 insize=3006 outsize=374 kw= ok=1
Cmd: compileSnippet
  api=0 type=0 insize=3006 outsize=328 kw= ok=1
Cmd: compileSnippet
  api=0 type=1 insize=3006 outsize=374 kw= ok=1
Cmd: compileSnippet
  api=0 type=0 insize=3006 outsize=328 kw= ok=1
Cmd: compileSnippet
  api=0 type=1 insize=3006 outsize=374 kw= ok=1
Cmd: compileSnippet
  api=0 type=0 insize=3006 outsize=328 kw= ok=1
Cmd: compileSnippet
  api=0 type=1 insize=3006 outsize=380 kw= ok=1
Cmd: compileSnippet
  api=0 type=0 insize=3006 outsize=328 kw= ok=1
Cmd: compileSnippet
  api=0 type=1 insize=3006 outsize=365 kw= ok=1
Cmd: compileSnippet
  api=0 type=0 insize=3006 outsize=328 kw= ok=1
Cmd: compileSnippet
  api=0 type=1 insize=3006 outsize=374 kw= ok=1
Cmd: compileSnippet
  api=0 type=0 insize=3007 outsize=328 kw= ok=1
Cmd: compileSnippet
  api=0 type=1 insize=3007 outsize=380 kw= ok=1
Cmd: preprocess
  insize=32646 outsize=272 ok=1
Cmd: compileSnippet
  api=0 type=0 insize=32675 outsize=8819 kw= ok=1
Cmd: compileSnippet
  api=0 type=1 insize=32675 outsize=6 kw= ok=1
Cmd: preprocess
  insize=1038 outsize=358 ok=1
Cmd: compileSnippet
  api=0 type=0 insize=985 outsize=328 kw= ok=1
Cmd: compileSnippet
  api=0 type=1 insize=985 outsize=426 kw= ok=1
Cmd: preprocess
  insize=4901 outsize=772 ok=1
Cmd: compileSnippet
  api=0 type=0 insize=4436 outsize=332 kw= ok=1
Cmd: compileSnippet
  api=0 type=1 insize=4436 outsize=1151 kw= ok=1
Cmd: preprocess
  insize=1566 outsize=274 ok=1
Cmd: compileSnippet
  api=0 type=0 insize=1589 outsize=328 kw= ok=1
Cmd: compileSnippet
  api=0 type=1 insize=1589 outsize=1345 kw= ok=1
Cmd: preprocess
  insize=1625 outsize=288 ok=1
Cmd: compileSnippet
  api=0 type=0 insize=1639 outsize=851 kw= ok=1
Cmd: compileSnippet
  api=0 type=1 insize=1639 outsize=3199 kw= ok=1
Cmd: preprocess
  insize=1737 outsize=297 ok=1
Cmd: compileSnippet
  api=0 type=0 insize=1742 outsize=671 kw= ok=1
Cmd: compileSnippet
  api=0 type=1 insize=1742 outsize=1369 kw= ok=1
Cmd: preprocess
  insize=1803 outsize=386 ok=1
Cmd: compileSnippet
  api=0 type=0 insize=1722 outsize=851 kw= ok=1
Cmd: compileSnippet
  api=0 type=1 insize=1722 outsize=3431 kw= ok=1
Cmd: preprocess
  insize=4221 outsize=1331 ok=1
Cmd: compileSnippet
  api=0 type=0 insize=3042 outsize=332 kw= ok=1
Cmd: compileSnippet
  api=0 type=1 insize=3042 outsize=458 kw= ok=1
Cmd: compileSnippet
  api=0 type=0 insize=3049 outsize=851 kw= ok=1
Cmd: compileSnippet
  api=0 type=1 insize=3049 outsize=3274 kw= ok=1
Cmd: compileSnippet
  api=0 type=0 insize=3051 outsize=905 kw= ok=1
Cmd: compileSnippet
  api=0 type=1 insize=3051 outsize=3274 kw= ok=1
Cmd: preprocess
  insize=2050 outsize=396 ok=1
Cmd: compileSnippet
  api=0 type=0 insize=1957 outsize=332 kw= ok=1
Cmd: compileSnippet
  error: 2 plat 0 at (37): function "tex2Dlod" not supported in this profile (maybe you want #pragma glsl?)
  api=0 type=1 insize=1957 outsize=0 kw= ok=0
Cmd: preprocess
  insize=11276 outsize=718 ok=1
Cmd: compileSnippet
  api=0 type=0 insize=10590 outsize=856 kw= ok=1
Cmd: compileSnippet
  api=0 type=1 insize=10590 outsize=6 kw= ok=1
Cmd: compileSnippet
  api=0 type=0 insize=10613 outsize=5904 kw= ok=1
Cmd: compileSnippet
  api=0 type=1 insize=10613 outsize=6 kw= ok=1
Cmd: compileSnippet
  api=0 type=0 insize=10612 outsize=5890 kw= ok=1
Cmd: compileSnippet
  api=0 type=1 insize=10612 outsize=6 kw= ok=1
Cmd: preprocess
  insize=4735 outsize=907 ok=1
Cmd: compileSnippet
  api=0 type=0 insize=4029 outsize=332 kw= ok=1
Cmd: compileSnippet
  api=0 type=1 insize=4029 outsize=1429 kw= ok=1
Cmd: compileSnippet
  api=0 type=0 insize=4032 outsize=332 kw= ok=1
Cmd: compileSnippet
  api=0 type=1 insize=4032 outsize=1413 kw= ok=1
Cmd: compileSnippet
  api=0 type=0 insize=4026 outsize=332 kw= ok=1
Cmd: compileSnippet
  api=0 type=1 insize=4026 outsize=578 kw= ok=1
Cmd: preprocess
  insize=1365 outsize=638 ok=1
Cmd: compileSnippet
  api=0 type=0 insize=1026 outsize=332 kw= ok=1
Cmd: compileSnippet
  api=0 type=1 insize=1026 outsize=572 kw= ok=1
Cmd: preprocess
  insize=7362 outsize=1620 ok=1
Cmd: compileSnippet
  api=0 type=0 insize=692 outsize=612 kw= ok=1
Cmd: compileSnippet
  api=0 type=1 insize=692 outsize=425 kw= ok=1
Cmd: compileSnippet
  api=0 type=0 insize=887 outsize=682 kw= ok=1
Cmd: compileSnippet
  api=0 type=1 insize=887 outsize=221 kw= ok=1
Cmd: compileSnippet
  api=0 type=0 insize=790 outsize=1555 kw= ok=1
Cmd: compileSnippet
  api=0 type=1 insize=790 outsize=425 kw= ok=1
Cmd: compileSnippet
  api=0 type=0 insize=908 outsize=1885 kw= ok=1
Cmd: compileSnippet
  api=0 type=1 insize=908 outsize=526 kw= ok=1
Cmd: compileSnippet
  api=0 type=0 insize=788 outsize=861 kw= ok=1
Cmd: compileSnippet
  api=0 type=1 insize=788 outsize=425 kw= ok=1
Cmd: compileSnippet
  api=0 type=0 insize=985 outsize=908 kw= ok=1
Cmd: compileSnippet
  api=0 type=1 insize=985 outsize=526 kw= ok=1
Cmd: compileSnippet
  api=0 type=0 insize=992 outsize=856 kw= ok=1
Cmd: compileSnippet
  api=0 type=1 insize=992 outsize=526 kw= ok=1
Cmd: compileSnippet
  api=0 type=0 insize=885 outsize=919 kw= ok=1
Cmd: compileSnippet
  api=0 type=1 insize=885 outsize=522 kw= ok=1
Cmd: compileSnippet
  api=0 type=0 insize=959 outsize=1980 kw= ok=1
Cmd: compileSnippet
  api=0 type=1 insize=959 outsize=566 kw= ok=1
Cmd: compileSnippet
  api=0 type=0 insize=911 outsize=1812 kw= ok=1
Cmd: compileSnippet
  api=0 type=1 insize=911 outsize=566 kw= ok=1
Cmd: preprocess
  insize=3036 outsize=459 ok=1
Cmd: compileSnippet
  api=0 type=0 insize=2887 outsize=437 kw= ok=1
Cmd: compileSnippet
  api=0 type=1 insize=2887 outsize=1454 kw= ok=1
Cmd: preprocess
  insize=344 outsize=341 ok=1
Cmd: preprocess
  insize=1582 outsize=1116 ok=1
Cmd: compileSnippet
  api=0 type=0 insize=4528 outsize=591 kw=DIRECTIONAL SHADOWS_OFF LIGHTMAP_OFF DIRLIGHTMAP_OFF ok=1
Cmd: compileSnippet
  api=0 type=1 insize=4528 outsize=778 kw=DIRECTIONAL SHADOWS_OFF LIGHTMAP_OFF DIRLIGHTMAP_OFF ok=1
End of pipe

Quitting shader compiler process
